#
# A fatal error has been detected by the Java Runtime Environment:
#
#  SIGBUS (0xa) at pc=0x00000001091cd5e2, pid=13338, tid=0x0000000000005003
#
# JRE version: Java(TM) SE Runtime Environment (8.0_311-b11) (build 1.8.0_311-b11)
# Java VM: Java HotSpot(TM) 64-Bit Server VM (25.311-b11 mixed mode bsd-amd64 compressed oops)
# Problematic frame:
# V  [libjvm.dylib+0x1cd5e2]  ConstantPool::impl_name_and_type_ref_index_at(int, bool)+0x1e
#
# Failed to write core dump. Core dumps have been disabled. To enable core dumping, try "ulimit -c unlimited" before starting Java again
#
# If you would like to submit a bug report, please visit:
#   http://bugreport.java.com/bugreport/crash.jsp
#

---------------  T H R E A D  ---------------

Current thread (0x00007feef5828800):  VMThread [stack: 0x000070000ada0000,0x000070000aea0000] [id=20483]

siginfo: si_signo: 10 (SIGBUS), si_code: 2 (BUS_ADRERR), si_addr: 0x000000010b834ca0

Registers:
RAX=0x000000010b7bc090, RBX=0x000000010b7bbca0, RCX=0x0000000000078c00, RDX=0x0000000000000000
RSP=0x000070000ae9f660, RBP=0x000070000ae9f660, RSI=0x0000000000003c60, RDI=0x000000010b7bbca0
R8 =0x000000000000000a, R9 =0x000000002fffffff, R10=0x000000002a000000, R11=0xffffffffffffff9c
R12=0x000070000ae9f8c8, R13=0x000000000000000a, R14=0x0000000000000001, R15=0x0000000000000001
RIP=0x00000001091cd5e2, EFLAGS=0x0000000000010206, ERR=0x0000000000000004
  TRAPNO=0x000000000000000e

Top of Stack: (sp=0x000070000ae9f660)
0x000070000ae9f660:   000070000ae9f6c0 00000001092701cd
0x000070000ae9f670:   000070000ae9f690 0000000109454a39
0x000070000ae9f680:   000070000ae9f6e8 000070000ae9f8c8
0x000070000ae9f690:   535feae64af00030 000070000ae9f6e8
0x000070000ae9f6a0:   0000000000000014 000070000ae9f8c8
0x000070000ae9f6b0:   00007feef1f14b18 000070000ae9f8c8
0x000070000ae9f6c0:   000070000ae9f740 000000010926e9d7
0x000070000ae9f6d0:   000070000ae9f6f0 000000010b7bc008
0x000070000ae9f6e0:   00007feef5828800 000000010b7bc008
0x000070000ae9f6f0:   000000010b7bc008 00007feef5828800
0x000070000ae9f700:   0000000d0000000a 000000b200000014
0x000070000ae9f710:   000000b2f3b30000 535feae64af00030
0x000070000ae9f720:   0000000000000028 00007feef5828800
0x000070000ae9f730:   000070000ae9f8c8 0000000000000001
0x000070000ae9f740:   000070000ae9f770 000000010926e5f0
0x000070000ae9f750:   0000000000000000 000070000ae9f8c8
0x000070000ae9f760:   00007feef5828800 000070000ae9f8e0
0x000070000ae9f770:   000070000ae9f790 000000010926e1b9
0x000070000ae9f780:   535feae64af00030 000000010b7bc008
0x000070000ae9f790:   000070000ae9f830 0000000109270c5c
0x000070000ae9f7a0:   000070000ae90100 0000000000000000
0x000070000ae9f7b0:   000070000ae9fdd0 0000000000000000
0x000070000ae9f7c0:   0000000000000018 000070000ae90000
0x000070000ae9f7d0:   0000000000000000 0000000000000000
0x000070000ae9f7e0:   0000000109616100 00007fff8068d820
0x000070000ae9f7f0:   000000010b7bc008 000000010b7bc008
0x000070000ae9f800:   00007feef5828800 000070000ae9f8c8
0x000070000ae9f810:   00007feef5828800 00000001096f2c78
0x000070000ae9f820:   00007feef5828800 00007feef3808e10
0x000070000ae9f830:   000070000ae9f880 000000010948772f
0x000070000ae9f840:   00007feef1d0e450 00007feef1f14a30
0x000070000ae9f850:   00007feef1f14a40 00007feef1f14e18 

Instructions: (pc=0x00000001091cd5e2)
0x00000001091cd5c2:   5d c3 55 48 89 e5 85 d2 75 20 48 8b 47 10 48 85
0x00000001091cd5d2:   c0 74 17 85 f6 79 02 f7 d6 48 63 ce 48 c1 e1 05
0x00000001091cd5e2:   48 8b 44 08 10 0f b7 c0 eb 0b 48 8b 4f 08 48 63
0x00000001091cd5f2:   c6 8a 4c 01 04 0f b7 44 c7 52 5d c3 55 48 89 e5 

Register to memory mapping:

RAX=0x000000010b7bc090 is pointing into metadata
RBX=0x000000010b7bbca0 is pointing into metadata
RCX=0x0000000000078c00 is an unknown value
RDX=0x0000000000000000 is an unknown value
RSP=0x000070000ae9f660 is an unknown value
RBP=0x000070000ae9f660 is an unknown value
RSI=0x0000000000003c60 is an unknown value
RDI=0x000000010b7bbca0 is pointing into metadata
R8 =0x000000000000000a is an unknown value
R9 =0x000000002fffffff is an unknown value
R10=0x000000002a000000 is an unknown value
R11=0xffffffffffffff9c is an unknown value
R12=0x000070000ae9f8c8 is an unknown value
R13=0x000000000000000a is an unknown value
R14=0x0000000000000001 is an unknown value
R15=0x0000000000000001 is an unknown value


Stack: [0x000070000ada0000,0x000070000aea0000],  sp=0x000070000ae9f660,  free space=1021k
Native frames: (J=compiled Java code, j=interpreted, Vv=VM code, C=native code)
V  [libjvm.dylib+0x1cd5e2]  ConstantPool::impl_name_and_type_ref_index_at(int, bool)+0x1e
V  [libjvm.dylib+0x2701cd]  GenerateOopMap::do_field(int, int, int, int)+0x43
V  [libjvm.dylib+0x26e9d7]  GenerateOopMap::interp_bb(BasicBlock*)+0x185
V  [libjvm.dylib+0x26e5f0]  GenerateOopMap::interp_all()+0x3c
V  [libjvm.dylib+0x26e1b9]  GenerateOopMap::do_interpretation()+0x4b
V  [libjvm.dylib+0x270c5c]  GenerateOopMap::compute_map(Thread*)+0x238
V  [libjvm.dylib+0x48772f]  OopMapForCacheEntry::compute_map(Thread*)+0x7f
V  [libjvm.dylib+0x487fd8]  OopMapCacheEntry::fill(methodHandle, int)+0x186
V  [libjvm.dylib+0x488b90]  OopMapCache::compute_one_oop_map(methodHandle, int, InterpreterOopMap*)+0x166
V  [libjvm.dylib+0x488868]  OopMapCache::lookup(methodHandle, int, InterpreterOopMap*) const+0x344
V  [libjvm.dylib+0x29f79f]  InstanceKlass::mask_for(methodHandle, int, InterpreterOopMap*)+0xd3
V  [libjvm.dylib+0x450e5b]  Method::mask_for(int, InterpreterOopMap*)+0xb3
V  [libjvm.dylib+0x39cea3]  VM_GetOrSetLocal::doit()+0x47
V  [libjvm.dylib+0x5a1436]  VM_Operation::evaluate()+0x46
V  [libjvm.dylib+0x5a09d9]  VMThread::evaluate_operation(VM_Operation*)+0x149
V  [libjvm.dylib+0x5a041d]  VMThread::loop()+0xb9
V  [libjvm.dylib+0x5a0258]  VMThread::run()+0x74
V  [libjvm.dylib+0x48d487]  java_start(Thread*)+0xfa
C  [libsystem_pthread.dylib+0x68fc]  _pthread_start+0xe0
C  [libsystem_pthread.dylib+0x2443]  thread_start+0xf

VM_Operation (0x000070000b3b1a88): GetOrSetLocal, mode: safepoint, requested by thread 0x00007feef403f000


---------------  P R O C E S S  ---------------

Java Threads: ( => current thread )
  0x00007feef582c800 JavaThread "Service Thread" daemon [_thread_blocked, id=22275, stack(0x000070000b9c7000,0x000070000bac7000)]
  0x00007feef4068000 JavaThread "C1 CompilerThread3" daemon [_thread_blocked, id=21763, stack(0x000070000b8c4000,0x000070000b9c4000)]
  0x00007feef585d800 JavaThread "C2 CompilerThread2" daemon [_thread_blocked, id=15875, stack(0x000070000b7c1000,0x000070000b8c1000)]
  0x00007feef403e000 JavaThread "C2 CompilerThread1" daemon [_thread_blocked, id=15619, stack(0x000070000b6be000,0x000070000b7be000)]
  0x00007feef284e000 JavaThread "C2 CompilerThread0" daemon [_thread_blocked, id=16643, stack(0x000070000b5bb000,0x000070000b6bb000)]
  0x00007feef4810800 JavaThread "JDWP Command Reader" daemon [_thread_in_native, id=15107, stack(0x000070000b4b8000,0x000070000b5b8000)]
  0x00007feef480e800 JavaThread "JDWP Event Helper Thread" daemon [_thread_blocked, id=14595, stack(0x000070000b3b5000,0x000070000b4b5000)]
  0x00007feef403f000 JavaThread "JDWP Transport Listener: dt_socket" daemon [_thread_blocked, id=17159, stack(0x000070000b2b2000,0x000070000b3b2000)]
  0x00007feef280b000 JavaThread "Signal Dispatcher" daemon [_thread_blocked, id=13827, stack(0x000070000b1af000,0x000070000b2af000)]
  0x00007feef300f800 JavaThread "Finalizer" daemon [_thread_blocked, id=19715, stack(0x000070000afa6000,0x000070000b0a6000)]
  0x00007feef800c800 JavaThread "Reference Handler" daemon [_thread_blocked, id=12291, stack(0x000070000aea3000,0x000070000afa3000)]
  0x00007feef2009000 JavaThread "main" [_thread_blocked, id=3331, stack(0x000070000a485000,0x000070000a585000)]

Other Threads:
=>0x00007feef5828800 VMThread [stack: 0x000070000ada0000,0x000070000aea0000] [id=20483]
  0x00007feef582b800 WatcherThread [stack: 0x000070000baca000,0x000070000bbca000] [id=43267]

VM state:at safepoint (normal execution)

VM Mutex/Monitor currently owned by a thread:  ([mutex/lock_event])
[0x00007feef1f05780] Threads_lock - owner thread: 0x00007feef5828800

heap address: 0x00000006c0000000, size: 4096 MB, Compressed Oops mode: Zero based, Oop shift amount: 3
Narrow klass base: 0x0000000000000000, Narrow klass shift: 3
Compressed class space size: 1073741824 Address: 0x00000007c0000000

Heap:
 PSYoungGen      total 76288K, used 7876K [0x000000076ab00000, 0x0000000770000000, 0x00000007c0000000)
  eden space 65536K, 12% used [0x000000076ab00000,0x000000076b2b1260,0x000000076eb00000)
  from space 10752K, 0% used [0x000000076f580000,0x000000076f580000,0x0000000770000000)
  to   space 10752K, 0% used [0x000000076eb00000,0x000000076eb00000,0x000000076f580000)
 ParOldGen       total 175104K, used 0K [0x00000006c0000000, 0x00000006cab00000, 0x000000076ab00000)
  object space 175104K, 0% used [0x00000006c0000000,0x00000006c0000000,0x00000006cab00000)
 Metaspace       used 5020K, capacity 5074K, committed 5248K, reserved 1056768K
  class space    used 525K, capacity 561K, committed 640K, reserved 1048576K

Card table byte_map: [0x0000000109e06000,0x000000010a607000] byte_map_base: 0x0000000106806000

Marking Bits: (ParMarkBitMap*) 0x00000001097242e8
 Begin Bits: [0x000000011e3a8000, 0x00000001223a8000)
 End Bits:   [0x00000001223a8000, 0x00000001263a8000)

Polling page: 0x0000000104951000

CodeCache: size=245760Kb used=1355Kb max_used=1355Kb free=244404Kb
 bounds [0x000000010f3a8000, 0x000000010f618000, 0x000000011e3a8000]
 total_blobs=404 nmethods=119 adapters=207
 compilation: enabled

Compilation events (10 events):
Event: 522.443 Thread 0x00007feef4068000  116       3       org.eclipse.jdt.launching.internal.org.objectweb.asm.ClassReader::readUtf (161 bytes)
Event: 522.444 Thread 0x00007feef4068000 nmethod 116 0x000000010f4f9b10 code [0x000000010f4f9cc0, 0x000000010f4fa188]
Event: 522.444 Thread 0x00007feef4068000  115       3       org.eclipse.jdt.launching.internal.org.objectweb.asm.SymbolTable$Entry::<init> (17 bytes)
Event: 522.444 Thread 0x00007feef4068000 nmethod 115 0x000000010f4f9710 code [0x000000010f4f9880, 0x000000010f4f9a68]
Event: 529.781 Thread 0x00007feef4068000  117       3       org.eclipse.jdt.launching.internal.org.objectweb.asm.SymbolTable::hash (10 bytes)
Event: 529.782 Thread 0x00007feef4068000 nmethod 117 0x000000010f4f92d0 code [0x000000010f4f9440, 0x000000010f4f9648]
Event: 603.118 Thread 0x00007feef4068000  118       3       org.eclipse.jdt.launching.internal.org.objectweb.asm.SymbolTable::add (39 bytes)
Event: 603.119 Thread 0x00007feef4068000 nmethod 118 0x000000010f4facd0 code [0x000000010f4fae40, 0x000000010f4fb150]
Event: 603.119 Thread 0x00007feef4068000  119       3       org.eclipse.jdt.launching.internal.org.objectweb.asm.SymbolTable::addConstantUtf8 (20 bytes)
Event: 603.120 Thread 0x00007feef4068000 nmethod 119 0x000000010f4fb2d0 code [0x000000010f4fb480, 0x000000010f4fb8a8]

GC Heap History (0 events):
No events

Deoptimization events (0 events):
No events

Classes redefined (10 events):
Event: 53.093 Thread 0x00007feef5828800 redefined class name=ex.p125_4_1, count=1
Event: 379.328 Thread 0x00007feef5828800 redefined class name=ex.p125_4_1, count=2
Event: 389.581 Thread 0x00007feef5828800 redefined class name=ex.p125_4_1, count=3
Event: 470.577 Thread 0x00007feef5828800 redefined class name=ex.p125_4_1, count=4
Event: 503.305 Thread 0x00007feef5828800 redefined class name=ex.p125_4_1, count=5
Event: 514.066 Thread 0x00007feef5828800 redefined class name=ex.p125_4_1, count=6
Event: 522.444 Thread 0x00007feef5828800 redefined class name=ex.p125_4_1, count=7
Event: 529.782 Thread 0x00007feef5828800 redefined class name=ex.p125_4_1, count=8
Event: 603.119 Thread 0x00007feef5828800 redefined class name=ex.p125_4_1, count=9
Event: 606.549 Thread 0x00007feef5828800 redefined class name=ex.p125_4_1, count=10

Internal exceptions (2 events):
Event: 0.036 Thread 0x00007feef2009000 Exception <a 'java/lang/NoSuchMethodError': Method sun.misc.Unsafe.defineClass(Ljava/lang/String;[BII)Ljava/lang/Class; name or signature does not match> (0x000000076ab07cc0) thrown at [/System/Volumes/Data/jenkins/workspace/8-2-build-macosx-x86_64/jdk8u3
Event: 0.036 Thread 0x00007feef2009000 Exception <a 'java/lang/NoSuchMethodError': Method sun.misc.Unsafe.prefetchRead(Ljava/lang/Object;J)V name or signature does not match> (0x000000076ab07fa8) thrown at [/System/Volumes/Data/jenkins/workspace/8-2-build-macosx-x86_64/jdk8u311/1894/hotspot/sr

Events (10 events):
Event: 639.828 Executing VM operation: GetOwnedMonitorInfo done
Event: 642.647 Executing VM operation: GetOwnedMonitorInfo
Event: 642.647 Executing VM operation: GetOwnedMonitorInfo done
Event: 642.647 Executing VM operation: GetCurrentContendedMonitor
Event: 642.647 Executing VM operation: GetCurrentContendedMonitor done
Event: 642.867 Executing VM operation: GetOwnedMonitorInfo
Event: 642.867 Executing VM operation: GetOwnedMonitorInfo done
Event: 642.867 Executing VM operation: GetCurrentContendedMonitor
Event: 642.867 Executing VM operation: GetCurrentContendedMonitor done
Event: 642.893 Executing VM operation: GetOrSetLocal


Dynamic libraries:
0x00007fff34edb000 	/System/Library/Frameworks/Cocoa.framework/Versions/A/Cocoa
0x00007fff22225000 	/System/Library/Frameworks/Security.framework/Versions/A/Security
0x00007fff330e3000 	/System/Library/Frameworks/ApplicationServices.framework/Versions/A/ApplicationServices
0x00007fff2a4a7000 	/usr/lib/libz.1.dylib
0x00007fff2a56f000 	/usr/lib/libSystem.B.dylib
0x00007fff2040e000 	/System/Library/Frameworks/CoreFoundation.framework/Versions/A/CoreFoundation
0x00007fff211bd000 	/System/Library/Frameworks/Foundation.framework/Versions/C/Foundation
0x00007fff2022e000 	/usr/lib/libobjc.A.dylib
0x00007fff22c56000 	/System/Library/Frameworks/AppKit.framework/Versions/C/AppKit
0x00007fff25b1a000 	/System/Library/Frameworks/CoreData.framework/Versions/A/CoreData
0x00007fff239a2000 	/System/Library/PrivateFrameworks/UIFoundation.framework/Versions/A/UIFoundation
0x00007fff2fb9d000 	/System/Library/PrivateFrameworks/RemoteViewServices.framework/Versions/A/RemoteViewServices
0x00007fff289b3000 	/System/Library/PrivateFrameworks/XCTTargetBootstrap.framework/Versions/A/XCTTargetBootstrap
0x00007fff2b699000 	/usr/lib/libspindump.dylib
0x00007fff23bf1000 	/System/Library/Frameworks/UniformTypeIdentifiers.framework/Versions/A/UniformTypeIdentifiers
0x00007fff271b7000 	/usr/lib/libapp_launch_measurement.dylib
0x00007fff271ba000 	/System/Library/PrivateFrameworks/CoreAutoLayout.framework/Versions/A/CoreAutoLayout
0x00007fff2831a000 	/System/Library/Frameworks/Metal.framework/Versions/A/Metal
0x00007fff29010000 	/usr/lib/liblangid.dylib
0x00007fff289b7000 	/System/Library/PrivateFrameworks/CoreSVG.framework/Versions/A/CoreSVG
0x00007fff24c31000 	/System/Library/PrivateFrameworks/SkyLight.framework/Versions/A/SkyLight
0x00007fff24f97000 	/System/Library/Frameworks/CoreGraphics.framework/Versions/A/CoreGraphics
0x00007fff300c4000 	/System/Library/Frameworks/Accelerate.framework/Versions/A/Accelerate
0x00007fff2b0d7000 	/System/Library/PrivateFrameworks/IconServices.framework/Versions/A/IconServices
0x00007fff282fe000 	/System/Library/Frameworks/IOSurface.framework/Versions/A/IOSurface
0x00007fff264a2000 	/usr/lib/libDiagnosticMessagesClient.dylib
0x00007fff2899f000 	/System/Library/PrivateFrameworks/DFRFoundation.framework/Versions/A/DFRFoundation
0x00007fff2257d000 	/usr/lib/libicucore.A.dylib
0x00007fff2cbdc000 	/System/Library/Frameworks/AudioToolbox.framework/Versions/A/AudioToolbox
0x00007fff2be64000 	/System/Library/PrivateFrameworks/DataDetectorsCore.framework/Versions/A/DataDetectorsCore
0x00007fff24ba4000 	/usr/lib/libMobileGestalt.dylib
0x00007fff286a3000 	/System/Library/Frameworks/Carbon.framework/Versions/A/Frameworks/HIToolbox.framework/Versions/A/HIToolbox
0x00007fff26bfc000 	/System/Library/Frameworks/QuartzCore.framework/Versions/A/QuartzCore
0x00007fff2fbd5000 	/System/Library/Frameworks/Carbon.framework/Versions/A/Frameworks/SpeechRecognition.framework/Versions/A/SpeechRecognition
0x00007fff26f1c000 	/System/Library/PrivateFrameworks/CoreUI.framework/Versions/A/CoreUI
0x00007fff21b93000 	/System/Library/Frameworks/CoreAudio.framework/Versions/A/CoreAudio
0x00007fff2658d000 	/System/Library/Frameworks/DiskArbitration.framework/Versions/A/DiskArbitration
0x00007fff2ba67000 	/System/Library/PrivateFrameworks/MultitouchSupport.framework/Versions/A/MultitouchSupport
0x00007fff2be5b000 	/System/Library/PrivateFrameworks/InternationalSupport.framework/Versions/A/InternationalSupport
0x00007fff24ba3000 	/usr/lib/libenergytrace.dylib
0x00007fff22b4d000 	/System/Library/Frameworks/IOKit.framework/Versions/A/IOKit
0x00007fff2ff08000 	/System/Library/Frameworks/CoreServices.framework/Versions/A/CoreServices
0x00007fff27149000 	/System/Library/PrivateFrameworks/PerformanceAnalysis.framework/Versions/A/PerformanceAnalysis
0x00007fff6ba75000 	/System/Library/Frameworks/OpenGL.framework/Versions/A/OpenGL
0x00007fff2bedf000 	/System/Library/PrivateFrameworks/UserActivity.framework/Versions/A/UserActivity
0x00007fff25621000 	/System/Library/Frameworks/ColorSync.framework/Versions/A/ColorSync
0x00007fff28c1e000 	/System/Library/Frameworks/CoreImage.framework/Versions/A/CoreImage
0x00007fff219ad000 	/System/Library/Frameworks/CoreText.framework/Versions/A/CoreText
0x00007fff289e1000 	/System/Library/Frameworks/ImageIO.framework/Versions/A/ImageIO
0x00007fff2a575000 	/System/Library/PrivateFrameworks/SoftLinking.framework/Versions/A/SoftLinking
0x00007fff27202000 	/usr/lib/libxml2.2.dylib
0x00007fff202f4000 	/usr/lib/libc++.1.dylib
0x00007fff2a7e6000 	/usr/lib/libcompression.dylib
0x00007fff2bd8d000 	/System/Library/PrivateFrameworks/TextureIO.framework/Versions/A/TextureIO
0x00007fff2ae15000 	/usr/lib/libate.dylib
0x00007fff2a569000 	/usr/lib/system/libcache.dylib
0x00007fff2a525000 	/usr/lib/system/libcommonCrypto.dylib
0x00007fff2a54f000 	/usr/lib/system/libcompiler_rt.dylib
0x00007fff2a544000 	/usr/lib/system/libcopyfile.dylib
0x00007fff2011e000 	/usr/lib/system/libcorecrypto.dylib
0x00007fff201e9000 	/usr/lib/system/libdispatch.dylib
0x00007fff2039c000 	/usr/lib/system/libdyld.dylib
0x00007fff2a560000 	/usr/lib/system/libkeymgr.dylib
0x00007fff2d973000 	/usr/lib/system/liblaunch.dylib
0x00007fff2a503000 	/usr/lib/system/libmacho.dylib
0x00007fff29cfb000 	/usr/lib/system/libquarantine.dylib
0x00007fff2a55d000 	/usr/lib/system/libremovefile.dylib
0x00007fff24c01000 	/usr/lib/system/libsystem_asl.dylib
0x00007fff200ce000 	/usr/lib/system/libsystem_blocks.dylib
0x00007fff2026b000 	/usr/lib/system/libsystem_c.dylib
0x00007fff2a557000 	/usr/lib/system/libsystem_collections.dylib
0x00007fff29001000 	/usr/lib/system/libsystem_configuration.dylib
0x00007fff282ed000 	/usr/lib/system/libsystem_containermanager.dylib
0x00007fff2a2a6000 	/usr/lib/system/libsystem_coreservices.dylib
0x00007fff227dd000 	/usr/lib/system/libsystem_darwin.dylib
0x00007fff2a561000 	/usr/lib/system/libsystem_dnssd.dylib
0x00007fff20268000 	/usr/lib/system/libsystem_featureflags.dylib
0x00007fff203e2000 	/usr/lib/system/libsystem_info.dylib
0x00007fff2a4ba000 	/usr/lib/system/libsystem_m.dylib
0x00007fff201bc000 	/usr/lib/system/libsystem_malloc.dylib
0x00007fff24b94000 	/usr/lib/system/libsystem_networkextension.dylib
0x00007fff22bfc000 	/usr/lib/system/libsystem_notify.dylib
0x00007fff2fe0a000 	/usr/lib/system/libsystem_product_info_filter.dylib
0x00007fff29005000 	/usr/lib/system/libsystem_sandbox.dylib
0x00007fff2a55a000 	/usr/lib/system/libsystem_secinit.dylib
0x00007fff20360000 	/usr/lib/system/libsystem_kernel.dylib
0x00007fff203d8000 	/usr/lib/system/libsystem_platform.dylib
0x00007fff20390000 	/usr/lib/system/libsystem_pthread.dylib
0x00007fff262de000 	/usr/lib/system/libsystem_symptoms.dylib
0x00007fff20106000 	/usr/lib/system/libsystem_trace.dylib
0x00007fff2a531000 	/usr/lib/system/libunwind.dylib
0x00007fff200d0000 	/usr/lib/system/libxpc.dylib
0x00007fff2034a000 	/usr/lib/libc++abi.dylib
0x00007fff2a53c000 	/usr/lib/liboah.dylib
0x00007fff2abfa000 	/usr/lib/liblzma.5.dylib
0x00007fff20ed1000 	/System/Library/Frameworks/SystemConfiguration.framework/Versions/A/SystemConfiguration
0x00007fff2a571000 	/usr/lib/libfakelink.dylib
0x00007fff246f5000 	/System/Library/Frameworks/CFNetwork.framework/Versions/A/CFNetwork
0x00007fff2a6b1000 	/usr/lib/libarchive.2.dylib
0x00007fff20f4f000 	/usr/lib/libCRFSuite.dylib
0x00007fff29d22000 	/usr/lib/libbsm.0.dylib
0x00007fff2406e000 	/usr/lib/libnetwork.dylib
0x00007fff2a576000 	/usr/lib/libpcap.A.dylib
0x00007fff262d7000 	/usr/lib/libdns_services.dylib
0x00007fff2ac13000 	/usr/lib/libcoretls_cfhelpers.dylib
0x00007fff2a7b0000 	/usr/lib/libapple_nghttp2.dylib
0x00007fff2a509000 	/usr/lib/system/libkxld.dylib
0x00007fff25f50000 	/usr/lib/libsqlite3.dylib
0x00007fff2a289000 	/System/Library/PrivateFrameworks/AppleFSCompression.framework/Versions/A/AppleFSCompression
0x00007fff29d0a000 	/usr/lib/libcoretls.dylib
0x00007fff2a7e1000 	/usr/lib/libpam.2.dylib
0x00007fff2ad11000 	/usr/lib/libxar.1.dylib
0x00007fff2900c000 	/System/Library/PrivateFrameworks/AppleSystemInfo.framework/Versions/A/AppleSystemInfo
0x00007fff2994c000 	/System/Library/PrivateFrameworks/IOMobileFramebuffer.framework/Versions/A/IOMobileFramebuffer
0x00007fff2a299000 	/usr/lib/libbz2.1.0.dylib
0x00007fff2a5ae000 	/usr/lib/libiconv.2.dylib
0x00007fff2a502000 	/usr/lib/libcharset.1.dylib
0x00007fff27185000 	/System/Library/Frameworks/CoreServices.framework/Versions/A/Frameworks/FSEvents.framework/Versions/A/FSEvents
0x00007fff227e7000 	/System/Library/Frameworks/CoreServices.framework/Versions/A/Frameworks/CarbonCore.framework/Versions/A/CarbonCore
0x00007fff264f2000 	/System/Library/Frameworks/CoreServices.framework/Versions/A/Frameworks/Metadata.framework/Versions/A/Metadata
0x00007fff2a2ab000 	/System/Library/Frameworks/CoreServices.framework/Versions/A/Frameworks/OSServices.framework/Versions/A/OSServices
0x00007fff2a723000 	/System/Library/Frameworks/CoreServices.framework/Versions/A/Frameworks/SearchKit.framework/Versions/A/SearchKit
0x00007fff26262000 	/System/Library/Frameworks/CoreServices.framework/Versions/A/Frameworks/AE.framework/Versions/A/AE
0x00007fff208ac000 	/System/Library/Frameworks/CoreServices.framework/Versions/A/Frameworks/LaunchServices.framework/Versions/A/LaunchServices
0x00007fff2abaa000 	/System/Library/Frameworks/CoreServices.framework/Versions/A/Frameworks/DictionaryServices.framework/Versions/A/DictionaryServices
0x00007fff27192000 	/System/Library/Frameworks/CoreServices.framework/Versions/A/Frameworks/SharedFileList.framework/Versions/A/SharedFileList
0x00007fff29cfe000 	/usr/lib/libCheckFix.dylib
0x00007fff24c18000 	/System/Library/PrivateFrameworks/TCC.framework/Versions/A/TCC
0x00007fff29012000 	/System/Library/PrivateFrameworks/CoreNLP.framework/Versions/A/CoreNLP
0x00007fff264a5000 	/System/Library/PrivateFrameworks/MetadataUtilities.framework/Versions/A/MetadataUtilities
0x00007fff20f84000 	/usr/lib/libmecabra.dylib
0x00007fff2a008000 	/System/Library/Frameworks/MLCompute.framework/Versions/A/MLCompute
0x00007fff29d33000 	/usr/lib/libmecab.dylib
0x00007fff29d7d000 	/usr/lib/libgermantok.dylib
0x00007fff2a78b000 	/usr/lib/libThaiTokenizer.dylib
0x00007fff2ad4c000 	/usr/lib/libChineseTokenizer.dylib
0x00007fff2a7df000 	/System/Library/Frameworks/MetalPerformanceShaders.framework/Versions/A/MetalPerformanceShaders
0x00007fff26594000 	/System/Library/Frameworks/Accelerate.framework/Versions/A/Frameworks/vImage.framework/Versions/A/vImage
0x00007fff2fee2000 	/System/Library/Frameworks/Accelerate.framework/Versions/A/Frameworks/vecLib.framework/Versions/A/vecLib
0x00007fff2ad57000 	/System/Library/Frameworks/Accelerate.framework/Versions/A/Frameworks/vecLib.framework/Versions/A/libvMisc.dylib
0x00007fff29767000 	/System/Library/Frameworks/Accelerate.framework/Versions/A/Frameworks/vecLib.framework/Versions/A/libvDSP.dylib
0x00007fff20bb7000 	/System/Library/Frameworks/Accelerate.framework/Versions/A/Frameworks/vecLib.framework/Versions/A/libBLAS.dylib
0x00007fff2a80c000 	/System/Library/Frameworks/Accelerate.framework/Versions/A/Frameworks/vecLib.framework/Versions/A/libLAPACK.dylib
0x00007fff29d83000 	/System/Library/Frameworks/Accelerate.framework/Versions/A/Frameworks/vecLib.framework/Versions/A/libLinearAlgebra.dylib
0x00007fff2a7c8000 	/System/Library/Frameworks/Accelerate.framework/Versions/A/Frameworks/vecLib.framework/Versions/A/libSparseBLAS.dylib
0x00007fff2a806000 	/System/Library/Frameworks/Accelerate.framework/Versions/A/Frameworks/vecLib.framework/Versions/A/libQuadrature.dylib
0x00007fff290be000 	/System/Library/Frameworks/Accelerate.framework/Versions/A/Frameworks/vecLib.framework/Versions/A/libBNNS.dylib
0x00007fff20e62000 	/System/Library/Frameworks/Accelerate.framework/Versions/A/Frameworks/vecLib.framework/Versions/A/libSparse.dylib
0x00007fff28f9a000 	/System/Library/Frameworks/MetalPerformanceShaders.framework/Versions/A/Frameworks/MPSCore.framework/Versions/A/MPSCore
0x00007fff2a1f8000 	/System/Library/Frameworks/MetalPerformanceShaders.framework/Versions/A/Frameworks/MPSImage.framework/Versions/A/MPSImage
0x00007fff29d99000 	/System/Library/Frameworks/MetalPerformanceShaders.framework/Versions/A/Frameworks/MPSNeuralNetwork.framework/Versions/A/MPSNeuralNetwork
0x00007fff2a16a000 	/System/Library/Frameworks/MetalPerformanceShaders.framework/Versions/A/Frameworks/MPSMatrix.framework/Versions/A/MPSMatrix
0x00007fff29fb8000 	/System/Library/Frameworks/MetalPerformanceShaders.framework/Versions/A/Frameworks/MPSRayIntersector.framework/Versions/A/MPSRayIntersector
0x00007fff2a1a1000 	/System/Library/Frameworks/MetalPerformanceShaders.framework/Versions/A/Frameworks/MPSNDArray.framework/Versions/A/MPSNDArray
0x00007fff20ae2000 	/System/Library/PrivateFrameworks/MetalTools.framework/Versions/A/MetalTools
0x00007fff2900a000 	/System/Library/PrivateFrameworks/AggregateDictionary.framework/Versions/A/AggregateDictionary
0x00007fff26472000 	/System/Library/PrivateFrameworks/CoreAnalytics.framework/Versions/A/CoreAnalytics
0x00007fff2a78d000 	/System/Library/PrivateFrameworks/AppleSauce.framework/Versions/A/AppleSauce
0x00007fff28310000 	/System/Library/PrivateFrameworks/IOAccelerator.framework/Versions/A/IOAccelerator
0x00007fff6ba69000 	/System/Library/Frameworks/OpenGL.framework/Versions/A/Libraries/libCoreFSCache.dylib
0x00007fff2151c000 	/System/Library/PrivateFrameworks/LanguageModeling.framework/Versions/A/LanguageModeling
0x00007fff2993a000 	/System/Library/PrivateFrameworks/CoreEmoji.framework/Versions/A/CoreEmoji
0x00007fff290b7000 	/System/Library/PrivateFrameworks/LinguisticData.framework/Versions/A/LinguisticData
0x00007fff20e14000 	/System/Library/PrivateFrameworks/Lexicon.framework/Versions/A/Lexicon
0x00007fff2a69f000 	/usr/lib/libcmph.dylib
0x00007fff27165000 	/System/Library/Frameworks/OpenDirectory.framework/Versions/A/Frameworks/CFOpenDirectory.framework/Versions/A/CFOpenDirectory
0x00007fff27155000 	/System/Library/Frameworks/OpenDirectory.framework/Versions/A/OpenDirectory
0x00007fff2ac15000 	/System/Library/PrivateFrameworks/APFS.framework/Versions/A/APFS
0x00007fff29c60000 	/System/Library/Frameworks/SecurityFoundation.framework/Versions/A/SecurityFoundation
0x00007fff2ad1f000 	/usr/lib/libutil.dylib
0x00007fff22b12000 	/System/Library/PrivateFrameworks/CoreServicesStore.framework/Versions/A/CoreServicesStore
0x00007fff29cf6000 	/System/Library/Frameworks/ServiceManagement.framework/Versions/A/ServiceManagement
0x00007fff2ad23000 	/usr/lib/libxslt.1.dylib
0x00007fff29cec000 	/System/Library/PrivateFrameworks/BackgroundTaskManagement.framework/Versions/A/BackgroundTaskManagement
0x00007fff2bcd7000 	/System/Library/Frameworks/ImageIO.framework/Versions/A/Resources/libRadiance.dylib
0x00007fff2bce1000 	/System/Library/Frameworks/ImageIO.framework/Versions/A/Resources/libJPEG.dylib
0x00007fff2bc31000 	/System/Library/Frameworks/ImageIO.framework/Versions/A/Resources/libPng.dylib
0x00007fff2bc52000 	/System/Library/Frameworks/ImageIO.framework/Versions/A/Resources/libTIFF.dylib
0x00007fff2bd36000 	/System/Library/Frameworks/ImageIO.framework/Versions/A/Resources/libGIF.dylib
0x00007fff2b983000 	/System/Library/Frameworks/ImageIO.framework/Versions/A/Resources/libJP2.dylib
0x00007fff2b09e000 	/usr/lib/libexpat.1.dylib
0x00007fff2b939000 	/System/Library/PrivateFrameworks/AppleJPEG.framework/Versions/A/AppleJPEG
0x00007fff28546000 	/System/Library/PrivateFrameworks/FontServices.framework/libFontParser.dylib
0x00007fff26219000 	/System/Library/PrivateFrameworks/RunningBoardServices.framework/Versions/A/RunningBoardServices
0x00007fff2ba63000 	/System/Library/PrivateFrameworks/WatchdogClient.framework/Versions/A/WatchdogClient
0x00007fff21605000 	/System/Library/Frameworks/CoreDisplay.framework/Versions/A/CoreDisplay
0x00007fff2845b000 	/System/Library/Frameworks/CoreMedia.framework/Versions/A/CoreMedia
0x00007fff272e5000 	/System/Library/Frameworks/CoreVideo.framework/Versions/A/CoreVideo
0x00007fff2ba9e000 	/System/Library/Frameworks/VideoToolbox.framework/Versions/A/VideoToolbox
0x00007fff26199000 	/System/Library/PrivateFrameworks/BaseBoard.framework/Versions/A/BaseBoard
0x00007fff2b1e3000 	/System/Library/PrivateFrameworks/PersistentConnection.framework/Versions/A/PersistentConnection
0x00007fff25f3a000 	/System/Library/PrivateFrameworks/ProtocolBuffer.framework/Versions/A/ProtocolBuffer
0x00007fff26181000 	/System/Library/PrivateFrameworks/CommonUtilities.framework/Versions/A/CommonUtilities
0x00007fff2b8fc000 	/System/Library/PrivateFrameworks/Bom.framework/Versions/A/Bom
0x00007fff2bccf000 	/System/Library/PrivateFrameworks/GPUWrangler.framework/Versions/A/GPUWrangler
0x00007fff2bcb2000 	/System/Library/PrivateFrameworks/IOPresentment.framework/Versions/A/IOPresentment
0x00007fff2bcdb000 	/System/Library/PrivateFrameworks/DSExternalDisplay.framework/Versions/A/DSExternalDisplay
0x00007fff2bd3b000 	/System/Library/PrivateFrameworks/CMCaptureCore.framework/Versions/A/CMCaptureCore
0x00007fff2b67f000 	/System/Library/PrivateFrameworks/AppServerSupport.framework/Versions/A/AppServerSupport
0x00007fff2d716000 	/System/Library/PrivateFrameworks/perfdata.framework/Versions/A/perfdata
0x00007fff29c4f000 	/System/Library/PrivateFrameworks/AssertionServices.framework/Versions/A/AssertionServices
0x00007fff2173c000 	/System/Library/PrivateFrameworks/AudioToolboxCore.framework/Versions/A/AudioToolboxCore
0x00007fff2843e000 	/System/Library/PrivateFrameworks/caulk.framework/Versions/A/caulk
0x00007fff3cbc2000 	/System/Library/PrivateFrameworks/SystemPolicy.framework/Versions/A/SystemPolicy
0x00007fff2aead000 	/usr/lib/libIOReport.dylib
0x00007fff2cf52000 	/usr/lib/libSMC.dylib
0x00007fff2bbfd000 	/usr/lib/libAudioToolboxUtility.dylib
0x00007fff3d51f000 	/usr/lib/libmis.dylib
0x00007fff6bac5000 	/System/Library/Frameworks/OpenGL.framework/Versions/A/Libraries/libGLU.dylib
0x00007fff6ba88000 	/System/Library/Frameworks/OpenGL.framework/Versions/A/Libraries/libGFXShared.dylib
0x00007fff6bc96000 	/System/Library/Frameworks/OpenGL.framework/Versions/A/Libraries/libGL.dylib
0x00007fff6ba91000 	/System/Library/Frameworks/OpenGL.framework/Versions/A/Libraries/libGLImage.dylib
0x00007fff6ba85000 	/System/Library/Frameworks/OpenGL.framework/Versions/A/Libraries/libCVMSPluginSupport.dylib
0x00007fff6ba70000 	/System/Library/Frameworks/OpenGL.framework/Versions/A/Libraries/libCoreVMClient.dylib
0x00007fff6d0e0000 	/System/Library/Frameworks/OpenCL.framework/Versions/A/OpenCL
0x00007fff2b20c000 	/System/Library/PrivateFrameworks/GraphVisualizer.framework/Versions/A/GraphVisualizer
0x00007fff2b21b000 	/System/Library/PrivateFrameworks/FaceCore.framework/Versions/A/FaceCore
0x00007fff2b637000 	/System/Library/PrivateFrameworks/OTSVG.framework/Versions/A/OTSVG
0x00007fff26eda000 	/System/Library/Frameworks/ApplicationServices.framework/Versions/A/Frameworks/ATS.framework/Versions/A/Resources/libFontRegistry.dylib
0x00007fff2b686000 	/System/Library/PrivateFrameworks/FontServices.framework/libhvf.dylib
0x00007fff2b04a000 	/System/Library/PrivateFrameworks/AppleVA.framework/Versions/A/AppleVA
0x00007fff2cd9a000 	/System/Library/Frameworks/ApplicationServices.framework/Versions/A/Frameworks/ATS.framework/Versions/A/ATS
0x00007fff2d0ad000 	/System/Library/Frameworks/ApplicationServices.framework/Versions/A/Frameworks/ColorSyncLegacy.framework/Versions/A/ColorSyncLegacy
0x00007fff25718000 	/System/Library/Frameworks/ApplicationServices.framework/Versions/A/Frameworks/HIServices.framework/Versions/A/HIServices
0x00007fff2d092000 	/System/Library/Frameworks/ApplicationServices.framework/Versions/A/Frameworks/LangAnalysis.framework/Versions/A/LangAnalysis
0x00007fff2bd45000 	/System/Library/Frameworks/ApplicationServices.framework/Versions/A/Frameworks/PrintCore.framework/Versions/A/PrintCore
0x00007fff2d0b5000 	/System/Library/Frameworks/ApplicationServices.framework/Versions/A/Frameworks/QD.framework/Versions/A/QD
0x00007fff2cd8a000 	/System/Library/Frameworks/ApplicationServices.framework/Versions/A/Frameworks/SpeechSynthesis.framework/Versions/A/SpeechSynthesis
0x00007fff2bd06000 	/System/Library/Frameworks/ApplicationServices.framework/Versions/A/Frameworks/ATSUI.framework/Versions/A/ATSUI
0x00007fff2d032000 	/usr/lib/libcups.2.dylib
0x00007fff2d0a2000 	/System/Library/PrivateFrameworks/NetAuth.framework/Versions/A/NetAuth
0x00007fff2d731000 	/System/Library/Frameworks/Kerberos.framework/Versions/A/Kerberos
0x00007fff2d741000 	/System/Library/Frameworks/GSS.framework/Versions/A/GSS
0x00007fff2ce07000 	/usr/lib/libresolv.9.dylib
0x00007fff2b69c000 	/System/Library/PrivateFrameworks/Heimdal.framework/Versions/A/Heimdal
0x00007fff333f8000 	/System/Library/Frameworks/Kerberos.framework/Versions/A/Libraries/libHeimdalProxy.dylib
0x00007fff262e6000 	/System/Library/Frameworks/Network.framework/Versions/A/Network
0x00007fff2b0b8000 	/usr/lib/libheimdal-asn1.dylib
0x00007fff2d792000 	/System/Library/PrivateFrameworks/CommonAuth.framework/Versions/A/CommonAuth
0x00007fff27333000 	/System/Library/PrivateFrameworks/login.framework/Versions/A/Frameworks/loginsupport.framework/Versions/A/loginsupport
0x00007fff2cd11000 	/System/Library/PrivateFrameworks/AudioSession.framework/Versions/A/AudioSession
0x00007fff2cd77000 	/usr/lib/libAudioStatistics.dylib
0x00007fff2b144000 	/System/Library/PrivateFrameworks/MediaExperience.framework/Versions/A/MediaExperience
0x00007fff2cbaa000 	/System/Library/PrivateFrameworks/AudioSession.framework/libSessionUtility.dylib
0x00007fff2d722000 	/usr/lib/libperfcheck.dylib
0x00007fff2d0c1000 	/System/Library/PrivateFrameworks/AudioResourceArbitration.framework/Versions/A/AudioResourceArbitration
0x00007fff2b0c2000 	/System/Library/PrivateFrameworks/IconFoundation.framework/Versions/A/IconFoundation
0x00007fff2fbc5000 	/System/Library/PrivateFrameworks/SpeechRecognitionCore.framework/Versions/A/SpeechRecognitionCore
0x00007fff5ce80000 	/System/Library/CoreServices/Encodings/libKoreanConverter.dylib
0x0000000109000000 	/Library/Internet Plug-Ins/JavaAppletPlugin.plugin/Contents/Home/lib/server/libjvm.dylib
0x000000010490d000 	/Library/Internet Plug-Ins/JavaAppletPlugin.plugin/Contents/Home/lib/libverify.dylib
0x000000010491e000 	/Library/Internet Plug-Ins/JavaAppletPlugin.plugin/Contents/Home/lib/libjava.dylib
0x0000000104952000 	/Library/Internet Plug-Ins/JavaAppletPlugin.plugin/Contents/Home/lib/libjdwp.dylib
0x000000010499c000 	/Library/Internet Plug-Ins/JavaAppletPlugin.plugin/Contents/Home/lib/libnpt.dylib
0x00000001049a5000 	/Library/Internet Plug-Ins/JavaAppletPlugin.plugin/Contents/Home/lib/libinstrument.dylib
0x0000000104a10000 	/Library/Internet Plug-Ins/JavaAppletPlugin.plugin/Contents/Home/lib/libzip.dylib
0x0000000104e3e000 	/Library/Internet Plug-Ins/JavaAppletPlugin.plugin/Contents/Home/lib/libdt_socket.dylib

VM Arguments:
jvm_args: -agentlib:jdwp=transport=dt_socket,suspend=y,address=localhost:50054 -javaagent:/Applications/Eclipse.app/Contents/Eclipse/configuration/org.eclipse.osgi/215/0/.cp/lib/javaagent-shaded.jar -Dfile.encoding=UTF-8 
java_command: ex.p125_4_1
java_class_path (initial): /Users/macbook/Desktop/Work/Eclipse/220408_JAVA/p125_4_1/bin:/Applications/Eclipse.app/Contents/Eclipse/configuration/org.eclipse.osgi/215/0/.cp/lib/javaagent-shaded.jar
Launcher Type: SUN_STANDARD

Environment Variables:
PATH=/usr/bin:/bin:/usr/sbin:/sbin
SHELL=/bin/zsh

Signal Handlers:
SIGSEGV: [libjvm.dylib+0x59bd8b], sa_mask[0]=11111111011111110111111111111111, sa_flags=SA_ONSTACK|SA_RESTART|SA_SIGINFO
SIGBUS: [libjvm.dylib+0x59bd8b], sa_mask[0]=11111111011111110111111111111111, sa_flags=SA_RESTART|SA_SIGINFO
SIGFPE: [libjvm.dylib+0x59bd8b], sa_mask[0]=11111111011111110111111111111111, sa_flags=SA_RESTART|SA_SIGINFO
SIGPIPE: [libjvm.dylib+0x48f813], sa_mask[0]=11111111011111110111111111111111, sa_flags=SA_RESTART|SA_SIGINFO
SIGXFSZ: [libjvm.dylib+0x48f813], sa_mask[0]=11111111011111110111111111111111, sa_flags=SA_RESTART|SA_SIGINFO
SIGILL: [libjvm.dylib+0x59bd8b], sa_mask[0]=11111111011111110111111111111111, sa_flags=SA_RESTART|SA_SIGINFO
SIGUSR1: SIG_DFL, sa_mask[0]=00000000000000000000000000000000, sa_flags=none
SIGUSR2: [libjvm.dylib+0x490102], sa_mask[0]=00100000000000000000000000000000, sa_flags=SA_RESTART|SA_SIGINFO
SIGHUP: [libjvm.dylib+0x48e35f], sa_mask[0]=11111111011111110111111111111111, sa_flags=SA_RESTART|SA_SIGINFO
SIGINT: [libjvm.dylib+0x48e35f], sa_mask[0]=11111111011111110111111111111111, sa_flags=SA_RESTART|SA_SIGINFO
SIGTERM: [libjvm.dylib+0x48e35f], sa_mask[0]=11111111011111110111111111111111, sa_flags=SA_RESTART|SA_SIGINFO
SIGQUIT: [libjvm.dylib+0x48e35f], sa_mask[0]=11111111011111110111111111111111, sa_flags=SA_RESTART|SA_SIGINFO


---------------  S Y S T E M  ---------------

OS:Bsduname:Darwin 20.6.0 Darwin Kernel Version 20.6.0: Tue Oct 12 18:33:42 PDT 2021; root:xnu-7195.141.8~1/RELEASE_X86_64 x86_64
rlimit: STACK 8192k, CORE 0k, NPROC 2784, NOFILE 10240, AS infinity
load average:2.48 2.10 2.24

CPU:total 8 (initial active 8) (4 cores per cpu, 2 threads per core) family 6 model 70 stepping 1, cmov, cx8, fxsr, mmx, sse, sse2, sse3, ssse3, sse4.1, sse4.2, popcnt, avx, avx2, aes, clmul, erms, lzcnt, ht, tsc, tscinvbit, bmi1, bmi2

Memory: 4k page, physical 16777216k(1026072k free)

/proc/meminfo:


vm_info: Java HotSpot(TM) 64-Bit Server VM (25.311-b11) for bsd-amd64 JRE (1.8.0_311-b11), built on Sep 27 2021 13:08:09 by "java_re" with gcc 4.2.1 Compatible Apple LLVM 11.0.0 (clang-1100.0.33.17)

time: Fri Apr  8 15:37:13 2022
timezone: KST
elapsed time: 642.912874 seconds (0d 0h 10m 42s)

